[0.080s] DEBUG:colcon:Command line arguments: ['/usr/bin/colcon', 'build', '--symlink-install']
[0.080s] DEBUG:colcon:Parsed command line arguments: Namespace(log_base=None, log_level=None, verb_name='build', build_base='build', install_base='install', merge_install=False, symlink_install=True, test_result_base=None, continue_on_error=False, executor='parallel', parallel_workers=4, event_handlers=None, ignore_user_meta=False, metas=['./colcon.meta'], base_paths=['.'], packages_ignore=None, packages_ignore_regex=None, paths=None, packages_up_to=None, packages_up_to_regex=None, packages_above=None, packages_above_and_dependencies=None, packages_above_depth=None, packages_select_by_dep=None, packages_skip_by_dep=None, packages_skip_up_to=None, packages_select_build_failed=False, packages_skip_build_finished=False, packages_select_test_failures=False, packages_skip_test_passed=False, packages_select=None, packages_skip=None, packages_select_regex=None, packages_skip_regex=None, packages_start=None, packages_end=None, allow_overriding=[], cmake_args=None, cmake_target=None, cmake_target_skip_unavailable=False, cmake_clean_cache=False, cmake_clean_first=False, cmake_force_configure=False, ament_cmake_args=None, catkin_cmake_args=None, catkin_skip_building_tests=False, mixin_files=None, mixin=None, verb_parser=<colcon_mixin.mixin.mixin_argument.MixinArgumentDecorator object at 0x73fd7b796870>, verb_extension=<colcon_core.verb.build.BuildVerb object at 0x73fd7b796660>, main=<bound method BuildVerb.main of <colcon_core.verb.build.BuildVerb object at 0x73fd7b796660>>, mixin_verb=('build',))
[0.108s] Level 1:colcon.colcon_core.package_discovery:discover_packages(colcon_meta) check parameters
[0.108s] Level 1:colcon.colcon_core.package_discovery:discover_packages(recursive) check parameters
[0.108s] Level 1:colcon.colcon_core.package_discovery:discover_packages(ignore) check parameters
[0.108s] Level 1:colcon.colcon_core.package_discovery:discover_packages(path) check parameters
[0.108s] Level 1:colcon.colcon_core.package_discovery:discover_packages(colcon_meta) discover
[0.108s] Level 1:colcon.colcon_core.package_discovery:discover_packages(recursive) discover
[0.108s] INFO:colcon.colcon_core.package_discovery:Crawling recursively for packages in '/home/yj/桌面/ros2-rpi/src/sciroad1'
[0.108s] Level 1:colcon.colcon_core.package_identification:_identify(.) by extensions ['ignore', 'ignore_ament_install']
[0.108s] Level 1:colcon.colcon_core.package_identification:_identify(.) by extension 'ignore'
[0.108s] Level 1:colcon.colcon_core.package_identification:_identify(.) by extension 'ignore_ament_install'
[0.108s] Level 1:colcon.colcon_core.package_identification:_identify(.) by extensions ['colcon_pkg']
[0.108s] Level 1:colcon.colcon_core.package_identification:_identify(.) by extension 'colcon_pkg'
[0.108s] Level 1:colcon.colcon_core.package_identification:_identify(.) by extensions ['colcon_meta']
[0.108s] Level 1:colcon.colcon_core.package_identification:_identify(.) by extension 'colcon_meta'
[0.108s] Level 1:colcon.colcon_core.package_identification:_identify(.) by extensions ['ros']
[0.108s] Level 1:colcon.colcon_core.package_identification:_identify(.) by extension 'ros'
[0.127s] DEBUG:colcon.colcon_core.package_identification:Package '.' with type 'ros.ament_python' and name 'sciroad1'
[0.127s] Level 1:colcon.colcon_core.package_discovery:discover_packages(recursive) using defaults
[0.127s] Level 1:colcon.colcon_core.package_discovery:discover_packages(ignore) discover
[0.127s] Level 1:colcon.colcon_core.package_discovery:discover_packages(ignore) using defaults
[0.127s] Level 1:colcon.colcon_core.package_discovery:discover_packages(path) discover
[0.127s] Level 1:colcon.colcon_core.package_discovery:discover_packages(path) using defaults
[0.140s] Level 1:colcon.colcon_core.package_discovery:discover_packages(prefix_path) check parameters
[0.140s] Level 1:colcon.colcon_core.package_discovery:discover_packages(prefix_path) discover
[0.142s] DEBUG:colcon.colcon_installed_package_information.package_discovery:Found 1 installed packages in /home/yj/桌面/ros2-rpi/src/sciroad1/install
[0.142s] DEBUG:colcon.colcon_installed_package_information.package_discovery:Found 6 installed packages in /home/yj/桌面/ros2-rpi/install
[0.143s] DEBUG:colcon.colcon_installed_package_information.package_discovery:Found 21 installed packages in /home/yj/dev_ws/install
[0.144s] DEBUG:colcon.colcon_installed_package_information.package_discovery:Found 289 installed packages in /opt/ros/jazzy
[0.145s] Level 1:colcon.colcon_core.package_discovery:discover_packages(prefix_path) using defaults
[0.173s] Level 5:colcon.colcon_core.verb:set package 'sciroad1' build argument 'cmake_args' from command line to 'None'
[0.173s] Level 5:colcon.colcon_core.verb:set package 'sciroad1' build argument 'cmake_target' from command line to 'None'
[0.173s] Level 5:colcon.colcon_core.verb:set package 'sciroad1' build argument 'cmake_target_skip_unavailable' from command line to 'False'
[0.173s] Level 5:colcon.colcon_core.verb:set package 'sciroad1' build argument 'cmake_clean_cache' from command line to 'False'
[0.173s] Level 5:colcon.colcon_core.verb:set package 'sciroad1' build argument 'cmake_clean_first' from command line to 'False'
[0.173s] Level 5:colcon.colcon_core.verb:set package 'sciroad1' build argument 'cmake_force_configure' from command line to 'False'
[0.173s] Level 5:colcon.colcon_core.verb:set package 'sciroad1' build argument 'ament_cmake_args' from command line to 'None'
[0.173s] Level 5:colcon.colcon_core.verb:set package 'sciroad1' build argument 'catkin_cmake_args' from command line to 'None'
[0.173s] Level 5:colcon.colcon_core.verb:set package 'sciroad1' build argument 'catkin_skip_building_tests' from command line to 'False'
[0.173s] DEBUG:colcon.colcon_core.verb:Building package 'sciroad1' with the following arguments: {'ament_cmake_args': None, 'build_base': '/home/yj/桌面/ros2-rpi/src/sciroad1/build/sciroad1', 'catkin_cmake_args': None, 'catkin_skip_building_tests': False, 'cmake_args': None, 'cmake_clean_cache': False, 'cmake_clean_first': False, 'cmake_force_configure': False, 'cmake_target': None, 'cmake_target_skip_unavailable': False, 'install_base': '/home/yj/桌面/ros2-rpi/src/sciroad1/install/sciroad1', 'merge_install': False, 'path': '/home/yj/桌面/ros2-rpi/src/sciroad1', 'symlink_install': True, 'test_result_base': None}
[0.173s] INFO:colcon.colcon_core.executor:Executing jobs using 'parallel' executor
[0.174s] DEBUG:colcon.colcon_parallel_executor.executor.parallel:run_until_complete
[0.174s] INFO:colcon.colcon_ros.task.ament_python.build:Building ROS package in '/home/yj/桌面/ros2-rpi/src/sciroad1' with build type 'ament_python'
[0.174s] Level 1:colcon.colcon_core.shell:create_environment_hook('sciroad1', 'ament_prefix_path')
[0.177s] INFO:colcon.colcon_core.plugin_system:Skipping extension 'colcon_core.shell.bat': Not used on non-Windows systems
[0.177s] INFO:colcon.colcon_core.shell:Creating environment hook '/home/yj/桌面/ros2-rpi/src/sciroad1/install/sciroad1/share/sciroad1/hook/ament_prefix_path.ps1'
[0.178s] INFO:colcon.colcon_core.shell:Creating environment descriptor '/home/yj/桌面/ros2-rpi/src/sciroad1/install/sciroad1/share/sciroad1/hook/ament_prefix_path.dsv'
[0.179s] INFO:colcon.colcon_core.shell:Creating environment hook '/home/yj/桌面/ros2-rpi/src/sciroad1/install/sciroad1/share/sciroad1/hook/ament_prefix_path.sh'
[0.180s] INFO:colcon.colcon_core.shell:Skip shell extension 'powershell' for command environment: Not usable outside of PowerShell
[0.180s] DEBUG:colcon.colcon_core.shell:Skip shell extension 'dsv' for command environment
[0.355s] INFO:colcon.colcon_core.task.python.build:Building Python package in '/home/yj/桌面/ros2-rpi/src/sciroad1'
[0.355s] INFO:colcon.colcon_core.shell:Skip shell extension 'powershell' for command environment: Not usable outside of PowerShell
[0.355s] DEBUG:colcon.colcon_core.shell:Skip shell extension 'dsv' for command environment
[0.851s] DEBUG:colcon.colcon_core.event_handler.log_command:Invoking command in '/home/yj/桌面/ros2-rpi/src/sciroad1/build/sciroad1': DEBUGINFOD_URLS=https://debuginfod.ubuntu.com PYTHONPATH=/home/yj/桌面/ros2-rpi/src/sciroad1/build/sciroad1/prefix_override:/usr/lib/python3/dist-packages/colcon_core/task/python/colcon_distutils_commands:/home/yj/桌面/ros2-rpi/src/sciroad1/install/sciroad1/lib/python3.12/site-packages:${PYTHONPATH} /usr/bin/python3 -W ignore:setup.py install is deprecated -W ignore:easy_install command is deprecated setup.py develop --editable --build-directory /home/yj/桌面/ros2-rpi/src/sciroad1/build/sciroad1/build --no-deps symlink_data
[1.276s] Level 1:colcon.colcon_core.shell:create_environment_hook('sciroad1', 'pythonpath_develop')
[1.276s] INFO:colcon.colcon_core.shell:Creating environment hook '/home/yj/桌面/ros2-rpi/src/sciroad1/build/sciroad1/share/sciroad1/hook/pythonpath_develop.ps1'
[1.277s] DEBUG:colcon.colcon_core.event_handler.log_command:Invoked command in '/home/yj/桌面/ros2-rpi/src/sciroad1/build/sciroad1' returned '0': DEBUGINFOD_URLS=https://debuginfod.ubuntu.com PYTHONPATH=/home/yj/桌面/ros2-rpi/src/sciroad1/build/sciroad1/prefix_override:/usr/lib/python3/dist-packages/colcon_core/task/python/colcon_distutils_commands:/home/yj/桌面/ros2-rpi/src/sciroad1/install/sciroad1/lib/python3.12/site-packages:${PYTHONPATH} /usr/bin/python3 -W ignore:setup.py install is deprecated -W ignore:easy_install command is deprecated setup.py develop --editable --build-directory /home/yj/桌面/ros2-rpi/src/sciroad1/build/sciroad1/build --no-deps symlink_data
[1.277s] INFO:colcon.colcon_core.shell:Creating environment descriptor '/home/yj/桌面/ros2-rpi/src/sciroad1/build/sciroad1/share/sciroad1/hook/pythonpath_develop.dsv'
[1.277s] INFO:colcon.colcon_core.shell:Creating environment hook '/home/yj/桌面/ros2-rpi/src/sciroad1/build/sciroad1/share/sciroad1/hook/pythonpath_develop.sh'
[1.280s] Level 1:colcon.colcon_core.environment:checking '/home/yj/桌面/ros2-rpi/src/sciroad1/install/sciroad1' for CMake module files
[1.281s] Level 1:colcon.colcon_core.environment:checking '/home/yj/桌面/ros2-rpi/src/sciroad1/install/sciroad1' for CMake config files
[1.281s] Level 1:colcon.colcon_core.environment:checking '/home/yj/桌面/ros2-rpi/src/sciroad1/install/sciroad1/lib'
[1.281s] Level 1:colcon.colcon_core.environment:checking '/home/yj/桌面/ros2-rpi/src/sciroad1/install/sciroad1/bin'
[1.281s] Level 1:colcon.colcon_core.environment:checking '/home/yj/桌面/ros2-rpi/src/sciroad1/install/sciroad1/lib/pkgconfig/sciroad1.pc'
[1.282s] Level 1:colcon.colcon_core.environment:checking '/home/yj/桌面/ros2-rpi/src/sciroad1/install/sciroad1/lib/python3.12/site-packages'
[1.282s] Level 1:colcon.colcon_core.shell:create_environment_hook('sciroad1', 'pythonpath')
[1.282s] INFO:colcon.colcon_core.shell:Creating environment hook '/home/yj/桌面/ros2-rpi/src/sciroad1/install/sciroad1/share/sciroad1/hook/pythonpath.ps1'
[1.282s] INFO:colcon.colcon_core.shell:Creating environment descriptor '/home/yj/桌面/ros2-rpi/src/sciroad1/install/sciroad1/share/sciroad1/hook/pythonpath.dsv'
[1.283s] INFO:colcon.colcon_core.shell:Creating environment hook '/home/yj/桌面/ros2-rpi/src/sciroad1/install/sciroad1/share/sciroad1/hook/pythonpath.sh'
[1.284s] Level 1:colcon.colcon_core.environment:checking '/home/yj/桌面/ros2-rpi/src/sciroad1/install/sciroad1/bin'
[1.284s] Level 1:colcon.colcon_core.environment:create_environment_scripts_only(sciroad1)
[1.284s] INFO:colcon.colcon_core.shell:Creating package script '/home/yj/桌面/ros2-rpi/src/sciroad1/install/sciroad1/share/sciroad1/package.ps1'
[1.284s] INFO:colcon.colcon_core.shell:Creating package descriptor '/home/yj/桌面/ros2-rpi/src/sciroad1/install/sciroad1/share/sciroad1/package.dsv'
[1.285s] INFO:colcon.colcon_core.shell:Creating package script '/home/yj/桌面/ros2-rpi/src/sciroad1/install/sciroad1/share/sciroad1/package.sh'
[1.286s] INFO:colcon.colcon_core.shell:Creating package script '/home/yj/桌面/ros2-rpi/src/sciroad1/install/sciroad1/share/sciroad1/package.bash'
[1.286s] INFO:colcon.colcon_core.shell:Creating package script '/home/yj/桌面/ros2-rpi/src/sciroad1/install/sciroad1/share/sciroad1/package.zsh'
[1.287s] Level 1:colcon.colcon_core.environment:create_file_with_runtime_dependencies(/home/yj/桌面/ros2-rpi/src/sciroad1/install/sciroad1/share/colcon-core/packages/sciroad1)
[1.287s] DEBUG:colcon.colcon_parallel_executor.executor.parallel:closing loop
[1.287s] DEBUG:colcon.colcon_parallel_executor.executor.parallel:loop closed
[1.287s] DEBUG:colcon.colcon_parallel_executor.executor.parallel:run_until_complete finished with '0'
[1.287s] DEBUG:colcon.colcon_core.event_reactor:joining thread
[1.292s] INFO:colcon.colcon_core.plugin_system:Skipping extension 'colcon_notification.desktop_notification.terminal_notifier': Not used on non-Darwin systems
[1.292s] INFO:colcon.colcon_core.plugin_system:Skipping extension 'colcon_notification.desktop_notification.win32': Not used on non-Windows systems
[1.292s] INFO:colcon.colcon_notification.desktop_notification:Sending desktop notification using 'notify2'
[1.307s] DEBUG:colcon.colcon_core.event_reactor:joined thread
[1.307s] INFO:colcon.colcon_core.shell:Creating prefix script '/home/yj/桌面/ros2-rpi/src/sciroad1/install/local_setup.ps1'
[1.308s] INFO:colcon.colcon_core.shell:Creating prefix util module '/home/yj/桌面/ros2-rpi/src/sciroad1/install/_local_setup_util_ps1.py'
[1.309s] INFO:colcon.colcon_core.shell:Creating prefix chain script '/home/yj/桌面/ros2-rpi/src/sciroad1/install/setup.ps1'
[1.311s] INFO:colcon.colcon_core.shell:Creating prefix script '/home/yj/桌面/ros2-rpi/src/sciroad1/install/local_setup.sh'
[1.311s] INFO:colcon.colcon_core.shell:Creating prefix util module '/home/yj/桌面/ros2-rpi/src/sciroad1/install/_local_setup_util_sh.py'
[1.312s] INFO:colcon.colcon_core.shell:Creating prefix chain script '/home/yj/桌面/ros2-rpi/src/sciroad1/install/setup.sh'
[1.314s] INFO:colcon.colcon_core.shell:Creating prefix script '/home/yj/桌面/ros2-rpi/src/sciroad1/install/local_setup.bash'
[1.314s] INFO:colcon.colcon_core.shell:Creating prefix chain script '/home/yj/桌面/ros2-rpi/src/sciroad1/install/setup.bash'
[1.316s] INFO:colcon.colcon_core.shell:Creating prefix script '/home/yj/桌面/ros2-rpi/src/sciroad1/install/local_setup.zsh'
[1.316s] INFO:colcon.colcon_core.shell:Creating prefix chain script '/home/yj/桌面/ros2-rpi/src/sciroad1/install/setup.zsh'
